13-Apr-2023 08:58:32.007 INFO [main] org.apache.catalina.startup.VersionLoggerListener.log Server version name:   Apache Tomcat/10.1.7
13-Apr-2023 08:58:32.013 INFO [main] org.apache.catalina.startup.VersionLoggerListener.log Server built:          Feb 27 2023 20:25:27 UTC
13-Apr-2023 08:58:32.013 INFO [main] org.apache.catalina.startup.VersionLoggerListener.log Server version number: 10.1.7.0
13-Apr-2023 08:58:32.014 INFO [main] org.apache.catalina.startup.VersionLoggerListener.log OS Name:               Windows 11
13-Apr-2023 08:58:32.014 INFO [main] org.apache.catalina.startup.VersionLoggerListener.log OS Version:            10.0
13-Apr-2023 08:58:32.014 INFO [main] org.apache.catalina.startup.VersionLoggerListener.log Architecture:          amd64
13-Apr-2023 08:58:32.014 INFO [main] org.apache.catalina.startup.VersionLoggerListener.log Java Home:             C:\Program Files\Java\jdk-20
13-Apr-2023 08:58:32.014 INFO [main] org.apache.catalina.startup.VersionLoggerListener.log JVM Version:           20+36-2344
13-Apr-2023 08:58:32.015 INFO [main] org.apache.catalina.startup.VersionLoggerListener.log JVM Vendor:            Oracle Corporation
13-Apr-2023 08:58:32.015 INFO [main] org.apache.catalina.startup.VersionLoggerListener.log CATALINA_BASE:         C:\apache-tomcat-10.1.7
13-Apr-2023 08:58:32.015 INFO [main] org.apache.catalina.startup.VersionLoggerListener.log CATALINA_HOME:         C:\apache-tomcat-10.1.7
13-Apr-2023 08:58:32.031 INFO [main] org.apache.catalina.startup.VersionLoggerListener.log Command line argument: -Djava.util.logging.config.file=C:\apache-tomcat-10.1.7\conf\logging.properties
13-Apr-2023 08:58:32.031 INFO [main] org.apache.catalina.startup.VersionLoggerListener.log Command line argument: -Djava.util.logging.manager=org.apache.juli.ClassLoaderLogManager
13-Apr-2023 08:58:32.031 INFO [main] org.apache.catalina.startup.VersionLoggerListener.log Command line argument: -Djdk.tls.ephemeralDHKeySize=2048
13-Apr-2023 08:58:32.031 INFO [main] org.apache.catalina.startup.VersionLoggerListener.log Command line argument: -Djava.protocol.handler.pkgs=org.apache.catalina.webresources
13-Apr-2023 08:58:32.031 INFO [main] org.apache.catalina.startup.VersionLoggerListener.log Command line argument: --add-opens=java.base/java.lang=ALL-UNNAMED
13-Apr-2023 08:58:32.031 INFO [main] org.apache.catalina.startup.VersionLoggerListener.log Command line argument: --add-opens=java.base/java.io=ALL-UNNAMED
13-Apr-2023 08:58:32.031 INFO [main] org.apache.catalina.startup.VersionLoggerListener.log Command line argument: --add-opens=java.base/java.util=ALL-UNNAMED
13-Apr-2023 08:58:32.031 INFO [main] org.apache.catalina.startup.VersionLoggerListener.log Command line argument: --add-opens=java.base/java.util.concurrent=ALL-UNNAMED
13-Apr-2023 08:58:32.031 INFO [main] org.apache.catalina.startup.VersionLoggerListener.log Command line argument: --add-opens=java.rmi/sun.rmi.transport=ALL-UNNAMED
13-Apr-2023 08:58:32.031 INFO [main] org.apache.catalina.startup.VersionLoggerListener.log Command line argument: -Dcatalina.base=C:\apache-tomcat-10.1.7
13-Apr-2023 08:58:32.031 INFO [main] org.apache.catalina.startup.VersionLoggerListener.log Command line argument: -Dcatalina.home=C:\apache-tomcat-10.1.7
13-Apr-2023 08:58:32.031 INFO [main] org.apache.catalina.startup.VersionLoggerListener.log Command line argument: -Djava.io.tmpdir=C:\apache-tomcat-10.1.7\temp
13-Apr-2023 08:58:32.031 INFO [main] org.apache.catalina.core.AprLifecycleListener.lifecycleEvent Loaded Apache Tomcat Native library [2.0.3] using APR version [1.7.2].
13-Apr-2023 08:58:32.047 INFO [main] org.apache.catalina.core.AprLifecycleListener.initializeSSL OpenSSL successfully initialized [OpenSSL 3.0.8 7 Feb 2023]
13-Apr-2023 08:58:32.422 INFO [main] org.apache.coyote.AbstractProtocol.init Initializing ProtocolHandler ["http-nio-8080"]
13-Apr-2023 08:58:32.438 INFO [main] org.apache.catalina.startup.Catalina.load Server initialization in [671] milliseconds
13-Apr-2023 08:58:32.500 INFO [main] org.apache.catalina.core.StandardService.startInternal Starting service [Catalina]
13-Apr-2023 08:58:32.500 INFO [main] org.apache.catalina.core.StandardEngine.startInternal Starting Servlet engine: [Apache Tomcat/10.1.7]
13-Apr-2023 08:58:32.516 INFO [main] org.apache.catalina.startup.HostConfig.deployDirectory Deploying web application directory [C:\apache-tomcat-10.1.7\webapps\docs]
13-Apr-2023 08:58:32.859 INFO [main] org.apache.catalina.startup.HostConfig.deployDirectory Deployment of web application directory [C:\apache-tomcat-10.1.7\webapps\docs] has finished in [343] ms
13-Apr-2023 08:58:32.859 INFO [main] org.apache.catalina.startup.HostConfig.deployDirectory Deploying web application directory [C:\apache-tomcat-10.1.7\webapps\examples]
13-Apr-2023 08:58:33.234 INFO [main] org.apache.catalina.startup.HostConfig.deployDirectory Deployment of web application directory [C:\apache-tomcat-10.1.7\webapps\examples] has finished in [375] ms
13-Apr-2023 08:58:33.234 INFO [main] org.apache.catalina.startup.HostConfig.deployDirectory Deploying web application directory [C:\apache-tomcat-10.1.7\webapps\host-manager]
13-Apr-2023 08:58:33.266 INFO [main] org.apache.catalina.startup.HostConfig.deployDirectory Deployment of web application directory [C:\apache-tomcat-10.1.7\webapps\host-manager] has finished in [32] ms
13-Apr-2023 08:58:33.266 INFO [main] org.apache.catalina.startup.HostConfig.deployDirectory Deploying web application directory [C:\apache-tomcat-10.1.7\webapps\manager]
13-Apr-2023 08:58:33.297 INFO [main] org.apache.catalina.startup.HostConfig.deployDirectory Deployment of web application directory [C:\apache-tomcat-10.1.7\webapps\manager] has finished in [31] ms
13-Apr-2023 08:58:33.297 INFO [main] org.apache.catalina.startup.HostConfig.deployDirectory Deploying web application directory [C:\apache-tomcat-10.1.7\webapps\ROOT]
13-Apr-2023 08:58:33.328 INFO [main] org.apache.catalina.startup.HostConfig.deployDirectory Deployment of web application directory [C:\apache-tomcat-10.1.7\webapps\ROOT] has finished in [31] ms
13-Apr-2023 08:58:33.328 INFO [main] org.apache.coyote.AbstractProtocol.start Starting ProtocolHandler ["http-nio-8080"]
13-Apr-2023 08:58:33.391 INFO [main] org.apache.catalina.startup.Catalina.start Server startup in [947] milliseconds
