01-May-2023 12:15:20.565 INFO [main] org.apache.catalina.startup.VersionLoggerListener.log Server version name:   Apache Tomcat/10.1.7
01-May-2023 12:15:20.576 INFO [main] org.apache.catalina.startup.VersionLoggerListener.log Server built:          Feb 27 2023 20:25:27 UTC
01-May-2023 12:15:20.577 INFO [main] org.apache.catalina.startup.VersionLoggerListener.log Server version number: 10.1.7.0
01-May-2023 12:15:20.577 INFO [main] org.apache.catalina.startup.VersionLoggerListener.log OS Name:               Windows 11
01-May-2023 12:15:20.578 INFO [main] org.apache.catalina.startup.VersionLoggerListener.log OS Version:            10.0
01-May-2023 12:15:20.578 INFO [main] org.apache.catalina.startup.VersionLoggerListener.log Architecture:          amd64
01-May-2023 12:15:20.578 INFO [main] org.apache.catalina.startup.VersionLoggerListener.log Java Home:             C:\Program Files\Java\jdk-20
01-May-2023 12:15:20.578 INFO [main] org.apache.catalina.startup.VersionLoggerListener.log JVM Version:           20+36-2344
01-May-2023 12:15:20.578 INFO [main] org.apache.catalina.startup.VersionLoggerListener.log JVM Vendor:            Oracle Corporation
01-May-2023 12:15:20.578 INFO [main] org.apache.catalina.startup.VersionLoggerListener.log CATALINA_BASE:         C:\apache-tomcat-10.1.7
01-May-2023 12:15:20.578 INFO [main] org.apache.catalina.startup.VersionLoggerListener.log CATALINA_HOME:         C:\apache-tomcat-10.1.7
01-May-2023 12:15:20.593 INFO [main] org.apache.catalina.startup.VersionLoggerListener.log Command line argument: -Djava.util.logging.config.file=C:\apache-tomcat-10.1.7\conf\logging.properties
01-May-2023 12:15:20.593 INFO [main] org.apache.catalina.startup.VersionLoggerListener.log Command line argument: -Djava.util.logging.manager=org.apache.juli.ClassLoaderLogManager
01-May-2023 12:15:20.593 INFO [main] org.apache.catalina.startup.VersionLoggerListener.log Command line argument: -Djdk.tls.ephemeralDHKeySize=2048
01-May-2023 12:15:20.593 INFO [main] org.apache.catalina.startup.VersionLoggerListener.log Command line argument: -Djava.protocol.handler.pkgs=org.apache.catalina.webresources
01-May-2023 12:15:20.593 INFO [main] org.apache.catalina.startup.VersionLoggerListener.log Command line argument: --add-opens=java.base/java.lang=ALL-UNNAMED
01-May-2023 12:15:20.593 INFO [main] org.apache.catalina.startup.VersionLoggerListener.log Command line argument: --add-opens=java.base/java.io=ALL-UNNAMED
01-May-2023 12:15:20.593 INFO [main] org.apache.catalina.startup.VersionLoggerListener.log Command line argument: --add-opens=java.base/java.util=ALL-UNNAMED
01-May-2023 12:15:20.593 INFO [main] org.apache.catalina.startup.VersionLoggerListener.log Command line argument: --add-opens=java.base/java.util.concurrent=ALL-UNNAMED
01-May-2023 12:15:20.593 INFO [main] org.apache.catalina.startup.VersionLoggerListener.log Command line argument: --add-opens=java.rmi/sun.rmi.transport=ALL-UNNAMED
01-May-2023 12:15:20.593 INFO [main] org.apache.catalina.startup.VersionLoggerListener.log Command line argument: -Dcatalina.base=C:\apache-tomcat-10.1.7
01-May-2023 12:15:20.593 INFO [main] org.apache.catalina.startup.VersionLoggerListener.log Command line argument: -Dcatalina.home=C:\apache-tomcat-10.1.7
01-May-2023 12:15:20.593 INFO [main] org.apache.catalina.startup.VersionLoggerListener.log Command line argument: -Djava.io.tmpdir=C:\apache-tomcat-10.1.7\temp
01-May-2023 12:15:20.593 INFO [main] org.apache.catalina.core.AprLifecycleListener.lifecycleEvent Loaded Apache Tomcat Native library [2.0.3] using APR version [1.7.2].
01-May-2023 12:15:20.624 INFO [main] org.apache.catalina.core.AprLifecycleListener.initializeSSL OpenSSL successfully initialized [OpenSSL 3.0.8 7 Feb 2023]
01-May-2023 12:15:20.983 INFO [main] org.apache.coyote.AbstractProtocol.init Initializing ProtocolHandler ["http-nio-8082"]
01-May-2023 12:15:21.014 INFO [main] org.apache.catalina.startup.Catalina.load Server initialization in [666] milliseconds
01-May-2023 12:15:21.077 INFO [main] org.apache.catalina.core.StandardService.startInternal Starting service [Catalina]
01-May-2023 12:15:21.077 INFO [main] org.apache.catalina.core.StandardEngine.startInternal Starting Servlet engine: [Apache Tomcat/10.1.7]
01-May-2023 12:15:21.077 INFO [main] org.apache.catalina.startup.HostConfig.deployDirectory Deploying web application directory [C:\apache-tomcat-10.1.7\webapps\docs]
01-May-2023 12:15:21.717 INFO [main] org.apache.jasper.servlet.TldScanner.scanJars At least one JAR was scanned for TLDs yet contained no TLDs. Enable debug logging for this logger for a complete list of JARs that were scanned but no TLDs were found in them. Skipping unneeded JARs during scanning can improve startup time and JSP compilation time.
01-May-2023 12:15:21.827 INFO [main] org.apache.catalina.startup.HostConfig.deployDirectory Deployment of web application directory [C:\apache-tomcat-10.1.7\webapps\docs] has finished in [750] ms
01-May-2023 12:15:21.827 INFO [main] org.apache.catalina.startup.HostConfig.deployDirectory Deploying web application directory [C:\apache-tomcat-10.1.7\webapps\examples]
01-May-2023 12:15:22.358 INFO [main] org.apache.jasper.servlet.TldScanner.scanJars At least one JAR was scanned for TLDs yet contained no TLDs. Enable debug logging for this logger for a complete list of JARs that were scanned but no TLDs were found in them. Skipping unneeded JARs during scanning can improve startup time and JSP compilation time.
01-May-2023 12:15:22.405 INFO [main] org.apache.catalina.startup.HostConfig.deployDirectory Deployment of web application directory [C:\apache-tomcat-10.1.7\webapps\examples] has finished in [578] ms
01-May-2023 12:15:22.405 INFO [main] org.apache.catalina.startup.HostConfig.deployDirectory Deploying web application directory [C:\apache-tomcat-10.1.7\webapps\host-manager]
01-May-2023 12:15:22.717 INFO [main] org.apache.jasper.servlet.TldScanner.scanJars At least one JAR was scanned for TLDs yet contained no TLDs. Enable debug logging for this logger for a complete list of JARs that were scanned but no TLDs were found in them. Skipping unneeded JARs during scanning can improve startup time and JSP compilation time.
01-May-2023 12:15:22.717 INFO [main] org.apache.catalina.startup.HostConfig.deployDirectory Deployment of web application directory [C:\apache-tomcat-10.1.7\webapps\host-manager] has finished in [312] ms
01-May-2023 12:15:22.717 INFO [main] org.apache.catalina.startup.HostConfig.deployDirectory Deploying web application directory [C:\apache-tomcat-10.1.7\webapps\manager]
01-May-2023 12:15:22.983 INFO [main] org.apache.jasper.servlet.TldScanner.scanJars At least one JAR was scanned for TLDs yet contained no TLDs. Enable debug logging for this logger for a complete list of JARs that were scanned but no TLDs were found in them. Skipping unneeded JARs during scanning can improve startup time and JSP compilation time.
01-May-2023 12:15:22.983 INFO [main] org.apache.catalina.startup.HostConfig.deployDirectory Deployment of web application directory [C:\apache-tomcat-10.1.7\webapps\manager] has finished in [266] ms
01-May-2023 12:15:22.983 INFO [main] org.apache.catalina.startup.HostConfig.deployDirectory Deploying web application directory [C:\apache-tomcat-10.1.7\webapps\myapp]
01-May-2023 12:15:23.233 INFO [main] org.apache.jasper.servlet.TldScanner.scanJars At least one JAR was scanned for TLDs yet contained no TLDs. Enable debug logging for this logger for a complete list of JARs that were scanned but no TLDs were found in them. Skipping unneeded JARs during scanning can improve startup time and JSP compilation time.
01-May-2023 12:15:23.248 INFO [main] org.apache.catalina.startup.HostConfig.deployDirectory Deployment of web application directory [C:\apache-tomcat-10.1.7\webapps\myapp] has finished in [265] ms
01-May-2023 12:15:23.248 INFO [main] org.apache.catalina.startup.HostConfig.deployDirectory Deploying web application directory [C:\apache-tomcat-10.1.7\webapps\registration project]
01-May-2023 12:15:23.467 INFO [main] org.apache.jasper.servlet.TldScanner.scanJars At least one JAR was scanned for TLDs yet contained no TLDs. Enable debug logging for this logger for a complete list of JARs that were scanned but no TLDs were found in them. Skipping unneeded JARs during scanning can improve startup time and JSP compilation time.
01-May-2023 12:15:23.467 INFO [main] org.apache.catalina.startup.HostConfig.deployDirectory Deployment of web application directory [C:\apache-tomcat-10.1.7\webapps\registration project] has finished in [219] ms
01-May-2023 12:15:23.467 INFO [main] org.apache.catalina.startup.HostConfig.deployDirectory Deploying web application directory [C:\apache-tomcat-10.1.7\webapps\ROOT]
01-May-2023 12:15:23.654 INFO [main] org.apache.jasper.servlet.TldScanner.scanJars At least one JAR was scanned for TLDs yet contained no TLDs. Enable debug logging for this logger for a complete list of JARs that were scanned but no TLDs were found in them. Skipping unneeded JARs during scanning can improve startup time and JSP compilation time.
01-May-2023 12:15:23.670 INFO [main] org.apache.catalina.startup.HostConfig.deployDirectory Deployment of web application directory [C:\apache-tomcat-10.1.7\webapps\ROOT] has finished in [203] ms
01-May-2023 12:15:23.670 INFO [main] org.apache.coyote.AbstractProtocol.start Starting ProtocolHandler ["http-nio-8082"]
01-May-2023 12:15:23.732 INFO [main] org.apache.catalina.startup.Catalina.start Server startup in [2725] milliseconds
01-May-2023 12:15:46.774 WARNING [main] org.apache.catalina.core.StandardServer.await Invalid shutdown command [GET /registration_project/Register.html HTTP/1.1] received
01-May-2023 12:15:47.861 WARNING [main] org.apache.catalina.core.StandardServer.await Invalid shutdown command [GET /registration_project/Register.html HTTP/1.1] received
01-May-2023 12:15:47.862 WARNING [main] org.apache.catalina.core.StandardServer.await Invalid shutdown command [GET /registration_project/Register.html HTTP/1.1] received
01-May-2023 12:15:48.167 WARNING [main] org.apache.catalina.core.StandardServer.await Invalid shutdown command [GET /registration_project/Register.html HTTP/1.1] received
01-May-2023 12:15:58.441 WARNING [main] org.apache.catalina.core.StandardServer.await An IO exception occurred trying to read the shutdown command
	java.net.SocketTimeoutException: Read timed out
		at java.base/sun.nio.ch.NioSocketImpl.timedRead(NioSocketImpl.java:273)
		at java.base/sun.nio.ch.NioSocketImpl.implRead(NioSocketImpl.java:299)
		at java.base/sun.nio.ch.NioSocketImpl.read(NioSocketImpl.java:340)
		at java.base/sun.nio.ch.NioSocketImpl$1.read(NioSocketImpl.java:789)
		at java.base/java.net.Socket$SocketInputStream.read(Socket.java:1025)
		at java.base/java.net.Socket$SocketInputStream.read(Socket.java:1019)
		at org.apache.catalina.core.StandardServer.await(StandardServer.java:632)
		at org.apache.catalina.startup.Catalina.await(Catalina.java:887)
		at org.apache.catalina.startup.Catalina.start(Catalina.java:833)
		at java.base/jdk.internal.reflect.DirectMethodHandleAccessor.invoke(DirectMethodHandleAccessor.java:104)
		at java.base/java.lang.reflect.Method.invoke(Method.java:578)
		at org.apache.catalina.startup.Bootstrap.start(Bootstrap.java:347)
		at org.apache.catalina.startup.Bootstrap.main(Bootstrap.java:478)
01-May-2023 12:15:58.441 WARNING [main] org.apache.catalina.core.StandardServer.await Invalid shutdown command [] received
01-May-2023 14:21:06.323 INFO [main] org.apache.catalina.startup.VersionLoggerListener.log Server version name:   Apache Tomcat/10.1.7
01-May-2023 14:21:06.332 INFO [main] org.apache.catalina.startup.VersionLoggerListener.log Server built:          Feb 27 2023 20:25:27 UTC
01-May-2023 14:21:06.335 INFO [main] org.apache.catalina.startup.VersionLoggerListener.log Server version number: 10.1.7.0
01-May-2023 14:21:06.336 INFO [main] org.apache.catalina.startup.VersionLoggerListener.log OS Name:               Windows 11
01-May-2023 14:21:06.337 INFO [main] org.apache.catalina.startup.VersionLoggerListener.log OS Version:            10.0
01-May-2023 14:21:06.339 INFO [main] org.apache.catalina.startup.VersionLoggerListener.log Architecture:          amd64
01-May-2023 14:21:06.339 INFO [main] org.apache.catalina.startup.VersionLoggerListener.log Java Home:             C:\Program Files\Java\jdk-20
01-May-2023 14:21:06.341 INFO [main] org.apache.catalina.startup.VersionLoggerListener.log JVM Version:           20+36-2344
01-May-2023 14:21:06.341 INFO [main] org.apache.catalina.startup.VersionLoggerListener.log JVM Vendor:            Oracle Corporation
01-May-2023 14:21:06.341 INFO [main] org.apache.catalina.startup.VersionLoggerListener.log CATALINA_BASE:         C:\apache-tomcat-10.1.7
01-May-2023 14:21:06.343 INFO [main] org.apache.catalina.startup.VersionLoggerListener.log CATALINA_HOME:         C:\apache-tomcat-10.1.7
01-May-2023 14:21:06.348 INFO [main] org.apache.catalina.startup.VersionLoggerListener.log Command line argument: -Djava.util.logging.config.file=C:\apache-tomcat-10.1.7\conf\logging.properties
01-May-2023 14:21:06.348 INFO [main] org.apache.catalina.startup.VersionLoggerListener.log Command line argument: -Djava.util.logging.manager=org.apache.juli.ClassLoaderLogManager
01-May-2023 14:21:06.348 INFO [main] org.apache.catalina.startup.VersionLoggerListener.log Command line argument: -Djdk.tls.ephemeralDHKeySize=2048
01-May-2023 14:21:06.348 INFO [main] org.apache.catalina.startup.VersionLoggerListener.log Command line argument: -Djava.protocol.handler.pkgs=org.apache.catalina.webresources
01-May-2023 14:21:06.348 INFO [main] org.apache.catalina.startup.VersionLoggerListener.log Command line argument: --add-opens=java.base/java.lang=ALL-UNNAMED
01-May-2023 14:21:06.348 INFO [main] org.apache.catalina.startup.VersionLoggerListener.log Command line argument: --add-opens=java.base/java.io=ALL-UNNAMED
01-May-2023 14:21:06.363 INFO [main] org.apache.catalina.startup.VersionLoggerListener.log Command line argument: --add-opens=java.base/java.util=ALL-UNNAMED
01-May-2023 14:21:06.363 INFO [main] org.apache.catalina.startup.VersionLoggerListener.log Command line argument: --add-opens=java.base/java.util.concurrent=ALL-UNNAMED
01-May-2023 14:21:06.363 INFO [main] org.apache.catalina.startup.VersionLoggerListener.log Command line argument: --add-opens=java.rmi/sun.rmi.transport=ALL-UNNAMED
01-May-2023 14:21:06.364 INFO [main] org.apache.catalina.startup.VersionLoggerListener.log Command line argument: -Dcatalina.base=C:\apache-tomcat-10.1.7
01-May-2023 14:21:06.364 INFO [main] org.apache.catalina.startup.VersionLoggerListener.log Command line argument: -Dcatalina.home=C:\apache-tomcat-10.1.7
01-May-2023 14:21:06.365 INFO [main] org.apache.catalina.startup.VersionLoggerListener.log Command line argument: -Djava.io.tmpdir=C:\apache-tomcat-10.1.7\temp
01-May-2023 14:21:06.365 INFO [main] org.apache.catalina.core.AprLifecycleListener.lifecycleEvent Loaded Apache Tomcat Native library [2.0.3] using APR version [1.7.2].
01-May-2023 14:21:06.380 INFO [main] org.apache.catalina.core.AprLifecycleListener.initializeSSL OpenSSL successfully initialized [OpenSSL 3.0.8 7 Feb 2023]
01-May-2023 14:21:06.936 INFO [main] org.apache.coyote.AbstractProtocol.init Initializing ProtocolHandler ["http-nio-8082"]
01-May-2023 14:21:06.981 INFO [main] org.apache.catalina.startup.Catalina.load Server initialization in [974] milliseconds
01-May-2023 14:21:07.052 INFO [main] org.apache.catalina.core.StandardService.startInternal Starting service [Catalina]
01-May-2023 14:21:07.052 INFO [main] org.apache.catalina.core.StandardEngine.startInternal Starting Servlet engine: [Apache Tomcat/10.1.7]
01-May-2023 14:21:07.067 INFO [main] org.apache.catalina.startup.HostConfig.deployDirectory Deploying web application directory [C:\apache-tomcat-10.1.7\webapps\docs]
01-May-2023 14:21:07.822 INFO [main] org.apache.jasper.servlet.TldScanner.scanJars At least one JAR was scanned for TLDs yet contained no TLDs. Enable debug logging for this logger for a complete list of JARs that were scanned but no TLDs were found in them. Skipping unneeded JARs during scanning can improve startup time and JSP compilation time.
01-May-2023 14:21:07.994 WARNING [main] org.apache.catalina.util.SessionIdGeneratorBase.createSecureRandom Creation of SecureRandom instance for session ID generation using [SHA1PRNG] took [112] milliseconds.
01-May-2023 14:21:08.026 INFO [main] org.apache.catalina.startup.HostConfig.deployDirectory Deployment of web application directory [C:\apache-tomcat-10.1.7\webapps\docs] has finished in [959] ms
01-May-2023 14:21:08.026 INFO [main] org.apache.catalina.startup.HostConfig.deployDirectory Deploying web application directory [C:\apache-tomcat-10.1.7\webapps\examples]
01-May-2023 14:21:08.622 INFO [main] org.apache.jasper.servlet.TldScanner.scanJars At least one JAR was scanned for TLDs yet contained no TLDs. Enable debug logging for this logger for a complete list of JARs that were scanned but no TLDs were found in them. Skipping unneeded JARs during scanning can improve startup time and JSP compilation time.
01-May-2023 14:21:08.670 INFO [main] org.apache.catalina.startup.HostConfig.deployDirectory Deployment of web application directory [C:\apache-tomcat-10.1.7\webapps\examples] has finished in [644] ms
01-May-2023 14:21:08.670 INFO [main] org.apache.catalina.startup.HostConfig.deployDirectory Deploying web application directory [C:\apache-tomcat-10.1.7\webapps\host-manager]
01-May-2023 14:21:08.952 INFO [main] org.apache.jasper.servlet.TldScanner.scanJars At least one JAR was scanned for TLDs yet contained no TLDs. Enable debug logging for this logger for a complete list of JARs that were scanned but no TLDs were found in them. Skipping unneeded JARs during scanning can improve startup time and JSP compilation time.
01-May-2023 14:21:08.968 INFO [main] org.apache.catalina.startup.HostConfig.deployDirectory Deployment of web application directory [C:\apache-tomcat-10.1.7\webapps\host-manager] has finished in [298] ms
01-May-2023 14:21:08.968 INFO [main] org.apache.catalina.startup.HostConfig.deployDirectory Deploying web application directory [C:\apache-tomcat-10.1.7\webapps\manager]
01-May-2023 14:21:09.235 INFO [main] org.apache.jasper.servlet.TldScanner.scanJars At least one JAR was scanned for TLDs yet contained no TLDs. Enable debug logging for this logger for a complete list of JARs that were scanned but no TLDs were found in them. Skipping unneeded JARs during scanning can improve startup time and JSP compilation time.
01-May-2023 14:21:09.235 INFO [main] org.apache.catalina.startup.HostConfig.deployDirectory Deployment of web application directory [C:\apache-tomcat-10.1.7\webapps\manager] has finished in [267] ms
01-May-2023 14:21:09.235 INFO [main] org.apache.catalina.startup.HostConfig.deployDirectory Deploying web application directory [C:\apache-tomcat-10.1.7\webapps\myapp]
01-May-2023 14:21:09.493 INFO [main] org.apache.jasper.servlet.TldScanner.scanJars At least one JAR was scanned for TLDs yet contained no TLDs. Enable debug logging for this logger for a complete list of JARs that were scanned but no TLDs were found in them. Skipping unneeded JARs during scanning can improve startup time and JSP compilation time.
01-May-2023 14:21:09.501 INFO [main] org.apache.catalina.startup.HostConfig.deployDirectory Deployment of web application directory [C:\apache-tomcat-10.1.7\webapps\myapp] has finished in [266] ms
01-May-2023 14:21:09.501 INFO [main] org.apache.catalina.startup.HostConfig.deployDirectory Deploying web application directory [C:\apache-tomcat-10.1.7\webapps\registration project]
01-May-2023 14:21:09.737 INFO [main] org.apache.jasper.servlet.TldScanner.scanJars At least one JAR was scanned for TLDs yet contained no TLDs. Enable debug logging for this logger for a complete list of JARs that were scanned but no TLDs were found in them. Skipping unneeded JARs during scanning can improve startup time and JSP compilation time.
01-May-2023 14:21:09.746 INFO [main] org.apache.catalina.startup.HostConfig.deployDirectory Deployment of web application directory [C:\apache-tomcat-10.1.7\webapps\registration project] has finished in [245] ms
01-May-2023 14:21:09.746 INFO [main] org.apache.catalina.startup.HostConfig.deployDirectory Deploying web application directory [C:\apache-tomcat-10.1.7\webapps\ROOT]
01-May-2023 14:21:09.942 INFO [main] org.apache.jasper.servlet.TldScanner.scanJars At least one JAR was scanned for TLDs yet contained no TLDs. Enable debug logging for this logger for a complete list of JARs that were scanned but no TLDs were found in them. Skipping unneeded JARs during scanning can improve startup time and JSP compilation time.
01-May-2023 14:21:09.942 INFO [main] org.apache.catalina.startup.HostConfig.deployDirectory Deployment of web application directory [C:\apache-tomcat-10.1.7\webapps\ROOT] has finished in [196] ms
01-May-2023 14:21:09.942 INFO [main] org.apache.coyote.AbstractProtocol.start Starting ProtocolHandler ["http-nio-8082"]
01-May-2023 14:21:10.048 INFO [main] org.apache.catalina.startup.Catalina.start Server startup in [3067] milliseconds
01-May-2023 14:24:15.061 INFO [main] org.apache.catalina.core.StandardServer.await A valid shutdown command was received via the shutdown port. Stopping the Server instance.
01-May-2023 14:24:15.062 INFO [main] org.apache.coyote.AbstractProtocol.pause Pausing ProtocolHandler ["http-nio-8082"]
01-May-2023 14:24:15.071 INFO [main] org.apache.catalina.core.StandardService.stopInternal Stopping service [Catalina]
01-May-2023 14:24:15.154 INFO [main] org.apache.coyote.AbstractProtocol.stop Stopping ProtocolHandler ["http-nio-8082"]
01-May-2023 14:24:15.173 INFO [main] org.apache.coyote.AbstractProtocol.destroy Destroying ProtocolHandler ["http-nio-8082"]
