12-Apr-2023 19:04:58.828 INFO [main] org.apache.catalina.core.ApplicationContext.log ContextListener: contextInitialized()
12-Apr-2023 19:04:58.828 INFO [main] org.apache.catalina.core.ApplicationContext.log SessionListener: contextInitialized()
12-Apr-2023 19:04:58.833 INFO [main] org.apache.catalina.core.ApplicationContext.log ContextListener: attributeAdded('StockTicker', 'async.Stockticker@34625ccd')
12-Apr-2023 19:09:12.539 INFO [main] org.apache.catalina.core.ApplicationContext.log ContextListener: contextInitialized()
12-Apr-2023 19:09:12.539 INFO [main] org.apache.catalina.core.ApplicationContext.log SessionListener: contextInitialized()
12-Apr-2023 19:09:12.539 INFO [main] org.apache.catalina.core.ApplicationContext.log ContextListener: attributeAdded('StockTicker', 'async.Stockticker@65aa6596')
12-Apr-2023 19:09:12.781 INFO [main] org.apache.catalina.core.ApplicationContext.log SessionListener: contextDestroyed()
12-Apr-2023 19:09:12.781 INFO [main] org.apache.catalina.core.ApplicationContext.log ContextListener: contextDestroyed()
12-Apr-2023 19:23:43.747 INFO [main] org.apache.catalina.core.ApplicationContext.log ContextListener: contextInitialized()
12-Apr-2023 19:23:43.747 INFO [main] org.apache.catalina.core.ApplicationContext.log SessionListener: contextInitialized()
12-Apr-2023 19:23:43.749 INFO [main] org.apache.catalina.core.ApplicationContext.log ContextListener: attributeAdded('StockTicker', 'async.Stockticker@2a3591c5')
12-Apr-2023 19:28:50.009 INFO [main] org.apache.catalina.core.ApplicationContext.log ContextListener: contextInitialized()
12-Apr-2023 19:28:50.009 INFO [main] org.apache.catalina.core.ApplicationContext.log SessionListener: contextInitialized()
12-Apr-2023 19:28:50.013 INFO [main] org.apache.catalina.core.ApplicationContext.log ContextListener: attributeAdded('StockTicker', 'async.Stockticker@34a75079')
12-Apr-2023 22:48:03.302 INFO [main] org.apache.catalina.core.ApplicationContext.log ContextListener: contextInitialized()
12-Apr-2023 22:48:03.302 INFO [main] org.apache.catalina.core.ApplicationContext.log SessionListener: contextInitialized()
12-Apr-2023 22:48:03.302 INFO [main] org.apache.catalina.core.ApplicationContext.log ContextListener: attributeAdded('StockTicker', 'async.Stockticker@6d0b5baf')
12-Apr-2023 22:57:44.651 INFO [main] org.apache.catalina.core.ApplicationContext.log ContextListener: contextInitialized()
12-Apr-2023 22:57:44.651 INFO [main] org.apache.catalina.core.ApplicationContext.log SessionListener: contextInitialized()
12-Apr-2023 22:57:44.651 INFO [main] org.apache.catalina.core.ApplicationContext.log ContextListener: attributeAdded('StockTicker', 'async.Stockticker@6d0b5baf')
